SonarCloud plugins:
  - License for SonarLint 8.0.0.51948 (license)
  - Python Code Quality and Security 4.14.0.14263 (python)
  - Java Code Quality and Security 7.29.0.34131 (java)
  - XML Code Quality and Security 2.10.0.4108 (xml)
  - JaCoCo 1.3.0.1538 (jacoco)
  - IaC Code Quality and Security 1.23.0.7263 (iac)
  - Text Code Quality and Security 2.7.1.1388 (text)
  - JavaScript/TypeScript/CSS Code Quality and Security 10.10.0.24774 (javascript)
Project server settings:
  - sonar.abap.file.suffixes=.abap,.ab4,.flow,.asprog
  - sonar.apex.file.suffixes=.cls,.trigger
  - sonar.c.file.suffixes=.c,.h
  - sonar.cpp.file.suffixes=.cc,.cpp,.cxx,.c++,.hh,.hpp,.hxx,.h++,.ipp
  - sonar.cs.file.suffixes=.cs,.razor
  - sonar.css.file.suffixes=.css,.less,.scss,.sass
  - sonar.docker.file.patterns=Dockerfile,*.dockerfile
  - sonar.flex.file.suffixes=as
  - sonar.go.file.suffixes=.go
  - sonar.html.file.suffixes=.html,.xhtml,.cshtml,.vbhtml,.aspx,.ascx,.rhtml,.erb,.shtm,.shtml,.cmp,.twig
  - sonar.java.file.suffixes=.java,.jav
  - sonar.javascript.file.suffixes=.js,.jsx,.cjs,.mjs,.vue
  - sonar.json.file.suffixes=.json
  - sonar.jsp.file.suffixes=.jsp,.jspf,.jspx
  - sonar.kotlin.file.suffixes=.kt,.kts
  - sonar.objc.file.suffixes=.m
  - sonar.php.file.suffixes=php,php3,php4,php5,phtml,inc
  - sonar.pli.file.suffixes=.pli
  - sonar.plsql.file.suffixes=sql,tab,pkb
  - sonar.python.file.suffixes=py
  - sonar.rpg.file.suffixes=.rpg,.rpgle,.sqlrpgle,.RPG,.RPGLE,.SQLRPGLE
  - sonar.ruby.file.suffixes=.rb
  - sonar.scala.file.suffixes=.scala
  - sonar.swift.file.suffixes=.swift
  - sonar.terraform.file.suffixes=.tf
  - sonar.tsql.file.suffixes=.tsql
  - sonar.typescript.file.suffixes=.ts,.tsx,.cts,.mts
  - sonar.vb.file.suffixes=.bas,.frm,.ctl
  - sonar.vbnet.file.suffixes=.vb
  - sonar.xml.file.suffixes=.xml,.xsd,.xsl,.config
  - sonar.yaml.file.suffixes=.yaml,.yml
Project scanner properties:
  - sonar.coverage.jacoco.xmlReportPaths=custom/path/to/your/report.xml
  - sonar.exclusions=**/src/reportWebVitals.ts,**/src/index.tsx,**/*.stories.tsx,**/src/api/**,**/src/utils/utils.ts
  - sonar.host.url=https://sonarcloud.io
  - sonar.javascript.lcov.reportPaths=./coverage/lcov.info
  - sonar.language=ts
  - sonar.organization=ayushi-gujjar
  - sonar.projectBaseDir=/home/zadmin/LDP/REACT/seeder-react
  - sonar.projectKey=ayushi-gujjar_seeder-react-app
  - sonar.projectVersion=1.0
  - sonar.scanner.app=ScannerNpm
  - sonar.scanner.appVersion=3.3.0
  - sonar.sourceEncoding=UTF-8
  - sonar.sources=./src
  - sonar.test.exclusions=**/node_modules/**,**/*.spec.ts,**/*.stories.tsx,**/src/services/**,**/coverage/**,**/src/api/**,**/src/utils/utils.ts
  - sonar.test.inclusions=src/**/*.test.tsx,**/*.test.ts
  - sonar.tests=./src
  - sonar.verbose=true
  - sonar.working.directory=/home/zadmin/LDP/REACT/seeder-react/.scannerwork
